0 info it worked if it ends with ok
1 verbose cli [ '/Users/cekk/.nvm/versions/node/v4.2.1/bin/node',
1 verbose cli   '/Users/cekk/.nvm/versions/node/v4.2.1/bin/npm',
1 verbose cli   'install',
1 verbose cli   'react-addons-update',
1 verbose cli   '--save' ]
2 info using npm@2.14.7
3 info using node@v4.2.1
4 verbose install initial load of /Users/cekk/asilo/react/survivejs_react_webpack/kanban_app/package.json
5 verbose installManyTop reading scoped package data from /Users/cekk/asilo/react/survivejs_react_webpack/kanban_app/node_modules/alt/package.json
6 verbose installManyTop reading scoped package data from /Users/cekk/asilo/react/survivejs_react_webpack/kanban_app/node_modules/alt-container/package.json
7 verbose installManyTop reading scoped package data from /Users/cekk/asilo/react/survivejs_react_webpack/kanban_app/node_modules/alt-utils/package.json
8 verbose installManyTop reading scoped package data from /Users/cekk/asilo/react/survivejs_react_webpack/kanban_app/node_modules/babel-core/package.json
9 verbose installManyTop reading scoped package data from /Users/cekk/asilo/react/survivejs_react_webpack/kanban_app/node_modules/babel-loader/package.json
10 verbose installManyTop reading scoped package data from /Users/cekk/asilo/react/survivejs_react_webpack/kanban_app/node_modules/babel-preset-es2015/package.json
11 verbose installManyTop reading scoped package data from /Users/cekk/asilo/react/survivejs_react_webpack/kanban_app/node_modules/babel-preset-react/package.json
12 verbose installManyTop reading scoped package data from /Users/cekk/asilo/react/survivejs_react_webpack/kanban_app/node_modules/babel-preset-react-hmre/package.json
13 verbose installManyTop reading scoped package data from /Users/cekk/asilo/react/survivejs_react_webpack/kanban_app/node_modules/babel-preset-survivejs-kanban/package.json
14 verbose installManyTop reading scoped package data from /Users/cekk/asilo/react/survivejs_react_webpack/kanban_app/node_modules/css-loader/package.json
15 verbose installManyTop reading scoped package data from /Users/cekk/asilo/react/survivejs_react_webpack/kanban_app/node_modules/node-uuid/package.json
16 verbose installManyTop reading scoped package data from /Users/cekk/asilo/react/survivejs_react_webpack/kanban_app/node_modules/npm-install-webpack-plugin/package.json
17 verbose installManyTop reading scoped package data from /Users/cekk/asilo/react/survivejs_react_webpack/kanban_app/node_modules/react/package.json
18 verbose installManyTop reading scoped package data from /Users/cekk/asilo/react/survivejs_react_webpack/kanban_app/node_modules/react-dnd/package.json
19 verbose installManyTop reading scoped package data from /Users/cekk/asilo/react/survivejs_react_webpack/kanban_app/node_modules/react-dnd-html5-backend/package.json
20 verbose installManyTop reading scoped package data from /Users/cekk/asilo/react/survivejs_react_webpack/kanban_app/node_modules/react-dom/package.json
21 verbose installManyTop reading scoped package data from /Users/cekk/asilo/react/survivejs_react_webpack/kanban_app/node_modules/style-loader/package.json
22 verbose installManyTop reading scoped package data from /Users/cekk/asilo/react/survivejs_react_webpack/kanban_app/node_modules/webpack/package.json
23 verbose installManyTop reading scoped package data from /Users/cekk/asilo/react/survivejs_react_webpack/kanban_app/node_modules/webpack-dev-server/package.json
24 verbose installManyTop reading scoped package data from /Users/cekk/asilo/react/survivejs_react_webpack/kanban_app/node_modules/webpack-merge/package.json
25 info package.json alt-utils@1.0.0 No repository field.
26 info package.json alt-utils@1.0.0 No README data
27 info package.json node-uuid@1.4.7 No license field.
28 verbose readDependencies loading dependencies from /Users/cekk/asilo/react/survivejs_react_webpack/kanban_app/package.json
29 silly cache add args [ 'react-addons-update', null ]
30 verbose cache add spec react-addons-update
31 silly cache add parsed spec Result {
31 silly cache add   raw: 'react-addons-update',
31 silly cache add   scope: null,
31 silly cache add   name: 'react-addons-update',
31 silly cache add   rawSpec: '',
31 silly cache add   spec: '*',
31 silly cache add   type: 'range' }
32 silly addNamed react-addons-update@*
33 verbose addNamed "*" is a valid semver range for react-addons-update
34 silly addNameRange { name: 'react-addons-update', range: '*', hasData: false }
35 silly mapToRegistry name react-addons-update
36 silly mapToRegistry using default registry
37 silly mapToRegistry registry https://registry.npmjs.org/
38 silly mapToRegistry uri https://registry.npmjs.org/react-addons-update
39 verbose addNameRange registry:https://registry.npmjs.org/react-addons-update not in flight; fetching
40 verbose request uri https://registry.npmjs.org/react-addons-update
41 verbose request no auth needed
42 info attempt registry request try #1 at 17:16:43
43 verbose request id b1e696f8ccc40dd1
44 http request GET https://registry.npmjs.org/react-addons-update
45 http 200 https://registry.npmjs.org/react-addons-update
46 verbose headers { server: 'CouchDB/1.5.0 (Erlang OTP/R16B03)',
46 verbose headers   etag: '"48ZFSP8NK66KLF6JPHSN8W3LQ"',
46 verbose headers   'content-type': 'application/json',
46 verbose headers   'cache-control': 'max-age=300',
46 verbose headers   'content-length': '23724',
46 verbose headers   'accept-ranges': 'bytes',
46 verbose headers   date: 'Sat, 23 Apr 2016 15:16:41 GMT',
46 verbose headers   via: '1.1 varnish',
46 verbose headers   age: '203',
46 verbose headers   connection: 'keep-alive',
46 verbose headers   'x-served-by': 'cache-fra1221-FRA',
46 verbose headers   'x-cache': 'HIT',
46 verbose headers   'x-cache-hits': '1',
46 verbose headers   'x-timer': 'S1461424601.512825,VS0,VE0',
46 verbose headers   vary: 'Accept-Encoding' }
47 silly get cb [ 200,
47 silly get   { server: 'CouchDB/1.5.0 (Erlang OTP/R16B03)',
47 silly get     etag: '"48ZFSP8NK66KLF6JPHSN8W3LQ"',
47 silly get     'content-type': 'application/json',
47 silly get     'cache-control': 'max-age=300',
47 silly get     'content-length': '23724',
47 silly get     'accept-ranges': 'bytes',
47 silly get     date: 'Sat, 23 Apr 2016 15:16:41 GMT',
47 silly get     via: '1.1 varnish',
47 silly get     age: '203',
47 silly get     connection: 'keep-alive',
47 silly get     'x-served-by': 'cache-fra1221-FRA',
47 silly get     'x-cache': 'HIT',
47 silly get     'x-cache-hits': '1',
47 silly get     'x-timer': 'S1461424601.512825,VS0,VE0',
47 silly get     vary: 'Accept-Encoding' } ]
48 verbose get saving react-addons-update to /Users/cekk/.npm/registry.npmjs.org/react-addons-update/.cache.json
49 silly addNameRange number 2 { name: 'react-addons-update', range: '*', hasData: true }
50 silly addNameRange versions [ 'react-addons-update',
50 silly addNameRange   [ '0.14.0-beta1',
50 silly addNameRange     '0.14.0-beta2',
50 silly addNameRange     '0.14.0-beta3',
50 silly addNameRange     '0.14.0-rc1',
50 silly addNameRange     '0.14.0',
50 silly addNameRange     '0.14.1',
50 silly addNameRange     '0.14.2',
50 silly addNameRange     '0.14.3',
50 silly addNameRange     '0.14.4',
50 silly addNameRange     '0.14.5',
50 silly addNameRange     '0.14.6',
50 silly addNameRange     '0.15.0-alpha.1',
50 silly addNameRange     '0.14.7',
50 silly addNameRange     '15.0.0-rc.1',
50 silly addNameRange     '15.0.0-rc.2',
50 silly addNameRange     '0.14.8',
50 silly addNameRange     '15.0.0',
50 silly addNameRange     '15.0.1',
50 silly addNameRange     '15.0.2-alpha.1',
50 silly addNameRange     '15.0.2-alpha.2' ] ]
51 silly addNamed react-addons-update@15.0.1
52 verbose addNamed "15.0.1" is a plain semver version for react-addons-update
53 silly mapToRegistry name react-addons-update
54 silly mapToRegistry using default registry
55 silly mapToRegistry registry https://registry.npmjs.org/
56 silly mapToRegistry uri https://registry.npmjs.org/react-addons-update
57 verbose addRemoteTarball https://registry.npmjs.org/react-addons-update/-/react-addons-update-15.0.1.tgz not in flight; adding
58 verbose addRemoteTarball [ 'https://registry.npmjs.org/react-addons-update/-/react-addons-update-15.0.1.tgz',
58 verbose addRemoteTarball   'bf21587f908ba2fbfdccb72d837d250be396f5ce' ]
59 info retry fetch attempt 1 at 17:16:43
60 info attempt registry request try #1 at 17:16:43
61 http fetch GET https://registry.npmjs.org/react-addons-update/-/react-addons-update-15.0.1.tgz
62 http fetch 200 https://registry.npmjs.org/react-addons-update/-/react-addons-update-15.0.1.tgz
63 silly fetchAndShaCheck shasum bf21587f908ba2fbfdccb72d837d250be396f5ce
64 verbose addTmpTarball /var/folders/s0/tdbhdxcx7cz0ts53sxk6q4w80000gn/T/npm-33910-57813b07/registry.npmjs.org/react-addons-update/-/react-addons-update-15.0.1.tgz not in flight; adding
65 verbose addTmpTarball already have metadata; skipping unpack for react-addons-update@15.0.1
66 silly cache afterAdd react-addons-update@15.0.1
67 verbose afterAdd /Users/cekk/.npm/react-addons-update/15.0.1/package/package.json not in flight; writing
68 verbose afterAdd /Users/cekk/.npm/react-addons-update/15.0.1/package/package.json written
69 silly install resolved [ { name: 'react-addons-update',
69 silly install resolved     version: '15.0.1',
69 silly install resolved     main: 'index.js',
69 silly install resolved     repository:
69 silly install resolved      { type: 'git',
69 silly install resolved        url: 'git+https://github.com/facebook/react.git' },
69 silly install resolved     keywords: [ 'react', 'react-addon' ],
69 silly install resolved     license: 'BSD-3-Clause',
69 silly install resolved     dependencies: {},
69 silly install resolved     peerDependencies: { react: '^15.0.1' },
69 silly install resolved     description: 'This package provides the React updates add-on.',
69 silly install resolved     bugs: { url: 'https://github.com/facebook/react/issues' },
69 silly install resolved     homepage: 'https://github.com/facebook/react#readme',
69 silly install resolved     _id: 'react-addons-update@15.0.1',
69 silly install resolved     _shasum: 'bf21587f908ba2fbfdccb72d837d250be396f5ce',
69 silly install resolved     _resolved: 'https://registry.npmjs.org/react-addons-update/-/react-addons-update-15.0.1.tgz',
69 silly install resolved     _from: 'react-addons-update@*',
69 silly install resolved     scripts: {},
69 silly install resolved     _npmVersion: '2.15.0',
69 silly install resolved     _nodeVersion: '4.4.2',
69 silly install resolved     _npmUser: { name: 'zpao', email: 'paul@oshannessy.com' },
69 silly install resolved     maintainers: [ [Object], [Object], [Object], [Object], [Object] ],
69 silly install resolved     dist:
69 silly install resolved      { shasum: 'bf21587f908ba2fbfdccb72d837d250be396f5ce',
69 silly install resolved        tarball: 'https://registry.npmjs.org/react-addons-update/-/react-addons-update-15.0.1.tgz' },
69 silly install resolved     _npmOperationalInternal:
69 silly install resolved      { host: 'packages-12-west.internal.npmjs.com',
69 silly install resolved        tmp: 'tmp/react-addons-update-15.0.1.tgz_1460139862781_0.9210049216635525' },
69 silly install resolved     directories: {} } ]
70 info install react-addons-update@15.0.1 into /Users/cekk/asilo/react/survivejs_react_webpack/kanban_app
71 info installOne react-addons-update@15.0.1
72 verbose installOne of react-addons-update to /Users/cekk/asilo/react/survivejs_react_webpack/kanban_app not in flight; installing
73 verbose lock using /Users/cekk/.npm/_locks/react-addons-update-570d3445b71b1396.lock for /Users/cekk/asilo/react/survivejs_react_webpack/kanban_app/node_modules/react-addons-update
74 silly install write writing react-addons-update 15.0.1 to /Users/cekk/asilo/react/survivejs_react_webpack/kanban_app/node_modules/react-addons-update
75 verbose unbuild node_modules/react-addons-update
76 silly gentlyRm /Users/cekk/asilo/react/survivejs_react_webpack/kanban_app/node_modules/react-addons-update is being purged from base /Users/cekk/asilo/react/survivejs_react_webpack/kanban_app
77 verbose gentlyRm don't care about contents; nuking /Users/cekk/asilo/react/survivejs_react_webpack/kanban_app/node_modules/react-addons-update
78 verbose tar unpack /Users/cekk/.npm/react-addons-update/15.0.1/package.tgz
79 verbose tar unpacking to /Users/cekk/asilo/react/survivejs_react_webpack/kanban_app/node_modules/react-addons-update
80 silly gentlyRm /Users/cekk/asilo/react/survivejs_react_webpack/kanban_app/node_modules/react-addons-update is being purged
81 verbose gentlyRm don't care about contents; nuking /Users/cekk/asilo/react/survivejs_react_webpack/kanban_app/node_modules/react-addons-update
82 silly gunzTarPerm modes [ '755', '644' ]
83 silly gunzTarPerm extractEntry package.json
84 silly gunzTarPerm extractEntry README.md
85 silly gunzTarPerm extractEntry LICENSE
86 silly gunzTarPerm extractEntry index.js
87 silly gunzTarPerm extractEntry PATENTS
88 verbose write writing to /Users/cekk/asilo/react/survivejs_react_webpack/kanban_app/node_modules/react-addons-update/package.json
89 info preinstall react-addons-update@15.0.1
90 verbose readDependencies loading dependencies from /Users/cekk/asilo/react/survivejs_react_webpack/kanban_app/node_modules/react-addons-update/package.json
91 silly prepareForInstallMany adding react@^15.0.1 from react-addons-update peerDependencies
92 warn peerDependencies The peer dependency react@^15.0.1 included from react-addons-update will no
93 warn peerDependencies longer be automatically installed to fulfill the peerDependency
94 warn peerDependencies in npm 3+. Your application will need to depend on it explicitly.
95 verbose readDependencies loading dependencies from /Users/cekk/asilo/react/survivejs_react_webpack/kanban_app/node_modules/react-addons-update/package.json
96 silly install resolved []
97 verbose about to build /Users/cekk/asilo/react/survivejs_react_webpack/kanban_app/node_modules/react-addons-update
98 info build /Users/cekk/asilo/react/survivejs_react_webpack/kanban_app/node_modules/react-addons-update
99 info linkStuff react-addons-update@15.0.1
100 silly linkStuff react-addons-update@15.0.1 has /Users/cekk/asilo/react/survivejs_react_webpack/kanban_app/node_modules as its parent node_modules
101 verbose linkBins react-addons-update@15.0.1
102 verbose linkMans react-addons-update@15.0.1
103 verbose rebuildBundles react-addons-update@15.0.1
104 info install react-addons-update@15.0.1
105 info postinstall react-addons-update@15.0.1
106 verbose readDependencies loading dependencies from /Users/cekk/asilo/react/survivejs_react_webpack/kanban_app/package.json
107 verbose targetResolver reading package data from /Users/cekk/asilo/react/survivejs_react_webpack/kanban_app/node_modules/alt/package.json
108 verbose targetResolver reading package data from /Users/cekk/asilo/react/survivejs_react_webpack/kanban_app/node_modules/alt-container/package.json
109 verbose targetResolver reading package data from /Users/cekk/asilo/react/survivejs_react_webpack/kanban_app/node_modules/alt-utils/package.json
110 verbose targetResolver reading package data from /Users/cekk/asilo/react/survivejs_react_webpack/kanban_app/node_modules/babel-core/package.json
111 verbose targetResolver reading package data from /Users/cekk/asilo/react/survivejs_react_webpack/kanban_app/node_modules/babel-loader/package.json
112 verbose targetResolver reading package data from /Users/cekk/asilo/react/survivejs_react_webpack/kanban_app/node_modules/babel-preset-es2015/package.json
113 verbose targetResolver reading package data from /Users/cekk/asilo/react/survivejs_react_webpack/kanban_app/node_modules/babel-preset-react/package.json
114 verbose targetResolver reading package data from /Users/cekk/asilo/react/survivejs_react_webpack/kanban_app/node_modules/babel-preset-react-hmre/package.json
115 verbose targetResolver reading package data from /Users/cekk/asilo/react/survivejs_react_webpack/kanban_app/node_modules/babel-preset-survivejs-kanban/package.json
116 verbose targetResolver reading package data from /Users/cekk/asilo/react/survivejs_react_webpack/kanban_app/node_modules/css-loader/package.json
117 verbose targetResolver reading package data from /Users/cekk/asilo/react/survivejs_react_webpack/kanban_app/node_modules/node-uuid/package.json
118 verbose targetResolver reading package data from /Users/cekk/asilo/react/survivejs_react_webpack/kanban_app/node_modules/npm-install-webpack-plugin/package.json
119 verbose targetResolver reading package data from /Users/cekk/asilo/react/survivejs_react_webpack/kanban_app/node_modules/react/package.json
120 verbose targetResolver reading package data from /Users/cekk/asilo/react/survivejs_react_webpack/kanban_app/node_modules/react-addons-update/package.json
121 verbose targetResolver reading package data from /Users/cekk/asilo/react/survivejs_react_webpack/kanban_app/node_modules/react-dnd/package.json
122 verbose targetResolver reading package data from /Users/cekk/asilo/react/survivejs_react_webpack/kanban_app/node_modules/react-dnd-html5-backend/package.json
123 verbose targetResolver reading package data from /Users/cekk/asilo/react/survivejs_react_webpack/kanban_app/node_modules/react-dom/package.json
124 verbose targetResolver reading package data from /Users/cekk/asilo/react/survivejs_react_webpack/kanban_app/node_modules/style-loader/package.json
125 verbose targetResolver reading package data from /Users/cekk/asilo/react/survivejs_react_webpack/kanban_app/node_modules/webpack/package.json
126 verbose targetResolver reading package data from /Users/cekk/asilo/react/survivejs_react_webpack/kanban_app/node_modules/webpack-dev-server/package.json
127 verbose targetResolver reading package data from /Users/cekk/asilo/react/survivejs_react_webpack/kanban_app/node_modules/webpack-merge/package.json
128 verbose targetResolver reading package data from /Users/cekk/asilo/react/survivejs_react_webpack/kanban_app/node_modules/.bin/uuid/package.json
129 verbose targetResolver reading package data from /Users/cekk/asilo/react/survivejs_react_webpack/kanban_app/node_modules/.bin/webpack/package.json
130 verbose targetResolver reading package data from /Users/cekk/asilo/react/survivejs_react_webpack/kanban_app/node_modules/.bin/webpack-dev-server/package.json
131 verbose already installed skipping react@^15.0.1 /Users/cekk/asilo/react/survivejs_react_webpack/kanban_app
132 silly install resolved []
133 verbose unlock done using /Users/cekk/.npm/_locks/react-addons-update-570d3445b71b1396.lock for /Users/cekk/asilo/react/survivejs_react_webpack/kanban_app/node_modules/react-addons-update
134 verbose validateInstall loading /Users/cekk/asilo/react/survivejs_react_webpack/kanban_app/package.json for validation
135 verbose stack Error: The package react@0.14.7 does not satisfy its siblings' peerDependencies requirements!
135 verbose stack     at /Users/cekk/.nvm/versions/node/v4.2.1/lib/node_modules/npm/lib/install.js:125:32
135 verbose stack     at /Users/cekk/.nvm/versions/node/v4.2.1/lib/node_modules/npm/lib/install.js:268:7
135 verbose stack     at /Users/cekk/.nvm/versions/node/v4.2.1/lib/node_modules/npm/node_modules/read-installed/read-installed.js:142:5
135 verbose stack     at /Users/cekk/.nvm/versions/node/v4.2.1/lib/node_modules/npm/node_modules/read-installed/read-installed.js:263:14
135 verbose stack     at cb (/Users/cekk/.nvm/versions/node/v4.2.1/lib/node_modules/npm/node_modules/slide/lib/async-map.js:47:24)
135 verbose stack     at /Users/cekk/.nvm/versions/node/v4.2.1/lib/node_modules/npm/node_modules/read-installed/read-installed.js:263:14
135 verbose stack     at cb (/Users/cekk/.nvm/versions/node/v4.2.1/lib/node_modules/npm/node_modules/slide/lib/async-map.js:47:24)
135 verbose stack     at /Users/cekk/.nvm/versions/node/v4.2.1/lib/node_modules/npm/node_modules/read-installed/read-installed.js:263:14
135 verbose stack     at cb (/Users/cekk/.nvm/versions/node/v4.2.1/lib/node_modules/npm/node_modules/slide/lib/async-map.js:47:24)
135 verbose stack     at /Users/cekk/.nvm/versions/node/v4.2.1/lib/node_modules/npm/node_modules/read-installed/read-installed.js:263:14
136 verbose cwd /Users/cekk/asilo/react/survivejs_react_webpack/kanban_app
137 error Darwin 15.3.0
138 error argv "/Users/cekk/.nvm/versions/node/v4.2.1/bin/node" "/Users/cekk/.nvm/versions/node/v4.2.1/bin/npm" "install" "react-addons-update" "--save"
139 error node v4.2.1
140 error npm  v2.14.7
141 error code EPEERINVALID
142 error peerinvalid The package react@0.14.7 does not satisfy its siblings' peerDependencies requirements!
142 error peerinvalid Peer react-dnd@2.1.4 wants react@^0.14.0 || ^15.0.0-0
142 error peerinvalid Peer react-dom@0.14.7 wants react@^0.14.7
142 error peerinvalid Peer react-addons-update@15.0.1 wants react@^15.0.1
142 error peerinvalid Peer babel-preset-react-hmre@1.1.0 wants react@^0.14.1
143 verbose exit [ 1, true ]
